** 2015-12-09 16:57:35 - /storage/emulated/0/Android/data/com.verizonmedia.go90.enterprise/files/oncue/oncueapp/com.verizonmedia.go90.enterprise.log **

[NWMG:5] T0x00000000d87ff930 1449709055.086 platform is ANDROID
[TPPC:5] T0x00000000d87ff930 1449709055.129 TrickPlayPolicyControl() SETTING EVENT HANDLERS

[PRUP:5] T0x00000000d87ff930 1449709055.129 Log base path: /storage/emulated/0/Android/data/com.verizonmedia.go90.enterprise/files/oncue/logs/ Log staging path: /storage/emulated/0/Android/data/com.verizonmedia.go90.enterprise/files/oncue/archived/
[PRUP:5] T0x00000000d87ff930 1449709055.129 Log backup path: /storage/emulated/0/Android/data/com.verizonmedia.go90.enterprise/files/oncue/archived/

[APPL:5] T0x00000000d87ff930 1449709055.131 oncue::App(Governor-ARM)

[MLMR:2] T0x00000000d87ff930 1449709055.131 Error reading language file [Settings/localized.csv], No such file or directory 
[MLMR:2] T0x00000000d87ff930 1449709055.131  Failed LanguageManager::loadCacheMap[Settings/localized.csv] 

[APPL:5] T0x00000000d87ff930 1449709055.132 App::callback(3, f)
[APPL:5] T0x00000000d87ff930 1449709055.132 +App::validateFile(Settings/App.json)
[APPL:5] T0x00000000d87ff930 1449709055.133 -App::validateFile(Settings/App.json)
[APPL:5] T0x00000000d87ff930 1449709055.133 +App::validateFile(CACert/dev_ca_cert_bundle.pem)
[APPL:5] T0x00000000d87ff930 1449709055.133 -App::validateFile(CACert/dev_ca_cert_bundle.pem)
[APPL:5] T0x00000000d87ff930 1449709055.149 +App::validateFile(Pages/NavigationController.json)
[APPL:5] T0x00000000d87ff930 1449709055.149 -App::validateFile(Pages/NavigationController.json)
[APPL:5] T0x00000000d87ff930 1449709055.149 +App::validateFile(Pages/MobileMaster.json)
[APPL:5] T0x00000000d87ff930 1449709055.150 -App::validateFile(Pages/MobileMaster.json)

[RSCI:3] T0x00000000d543f930 1449709055.162 Missing retina resource ModalBackground@4x.png

[MCTL:5] T0x00000000d87ff930 1449709055.164 Developer mode status is: false

[ANDP:3] T0x00000000d87ff930 1449709055.176 Failed with call to ioctl(): -1
[DEVT:5] T0x00000000d87ff930 1449709055.177 +DevToolService[0xdb4a6634] constructor
[DEVT:5] T0x00000000d87ff930 1449709055.177 -DevToolService[0xdb4a6634] constructor
[DEVT:5] T0x00000000d4fbf930 1449709055.181 DevToolService is starting...
[DEVT:5] T0x00000000d4fbf930 1449709055.182 lws_set_log_level(7, 0xd979193c); logLevel = 5
[DEVT:5] T0x00000000d4fbf930 1449709055.182 [lws] Initial logging level 7

[DEVT:5] T0x00000000d4fbf930 1449709055.182 [lws] Library version: 1.3 739c534

[DEVT:5] T0x00000000d4fbf930 1449709055.182 [lws] IPV6 not compiled in

[DEVT:5] T0x00000000d4fbf930 1449709055.182 [lws] libev support not compiled in

[DEVT:5] T0x00000000d4fbf930 1449709055.182 [lws]  static allocation: 4472 + (12 x 2048 fds) = 29048 bytes

[DEVT:5] T0x00000000d4fbf930 1449709055.182 [lws]  canonical_hostname = localhost


[MBUM:5] T0x00000000d87ff930 1449709055.182 Default SRV address: prod-a.governor.oncue.com
[MBUM:5] T0x00000000d87ff930 1449709055.182 MaestroBootupManagerBase::setSrvAddress(prod-a.governor.oncue.com)

[DEVT:5] T0x00000000d4fbf930 1449709055.182 [lws]  per-conn mem: 140 + 1594 headers + protocol rx buf

[DEVT:5] T0x00000000d4fbf930 1449709055.183 [lws]  Compiled with OpenSSL support

[DEVT:5] T0x00000000d4fbf930 1449709055.183 [lws]  Using non-SSL mode


[APPL:5] T0x00000000d87ff930 1449709055.185 App::enterForeground()

[MOBC:5] T0x00000000d87ff930 1449709055.185 MobileMasterController::onEnterForeground()
[APPL:5] T0x00000000d87ff930 1449709055.188 App::updateVersionForDRM(1.2.3.release_test vs. drm: 1.2.3.release_test): same

[MLMR:2] T0x00000000d87ff930 1449709055.197 Error reading language file [Settings/localized.csv], No such file or directory 
[MLMR:2] T0x00000000d87ff930 1449709055.197  Failed LanguageManager::loadCacheMap[Settings/localized.csv] 

[DEVT:5] T0x00000000d4fbf930 1449709055.202 [lws]  Listening on port 7681

[DEVT:5] T0x00000000d4fbf930 1449709055.202 DevToolService is running...

[RSCI:3] T0x00000000d543f930 1449709055.225 Missing retina resource GreenButton@4x.png
[RSCI:3] T0x00000000d543f930 1449709055.230 Missing retina resource ModalCloseButton@4x.png

[MOBC:5] T0x00000000d87ff930 1449709055.234 in notifyValueChanged, pushDeviceToken: 

[NTPI:5] T0x00000000f76f0b34 1449709055.537 timeOffsetMilliseconds: -385

[RSCI:3] T0x00000000d57c0930 1449709056.239 Missing retina resource scrubberLeftCap@4x.png
[RSCI:3] T0x00000000d57c0930 1449709056.247 Missing retina resource scrubberRightCap@4x.png
[RSCI:3] T0x00000000d57c0930 1449709056.249 Missing retina resource scrubberTopCap@4x.png
[RSCI:3] T0x00000000d57c0930 1449709056.252 Missing retina resource scrubberBottomCap@4x.png

[NCTL:5] T0x00000000d87ff930 1449709057.126 NavigationController::navigate(/MobileStartup)

[APPL:5] T0x00000000d87ff930 1449709057.126 +App::validateFile(Pages/MobileStartup.json)
[APPL:5] T0x00000000d87ff930 1449709057.127 -App::validateFile(Pages/MobileStartup.json)

[RSCI:3] T0x00000000d57c0930 1449709057.129 Missing retina resource BG_FirstUse_NoLogo@4x.png
[RSCI:3] T0x00000000d5580930 1449709057.129 Missing retina resource go90-logo-text-large@4x.png

[FNTG:3] T0x00000000d543f930 1449709057.185 Font::Font - font "Fonts/Effra/Effra_Std_Bd.ttf" with pixel size 240 could not fit in a 2048 square bitmap.
[FONT:3] T0x00000000d543f930 1449709057.185 Failed to load font: 'Fonts/Effra/Effra_Std_Bd.ttf' size 60

[MSUC:5] T0x00000000d87ff930 1449709057.210 MaestroDispatcher: overriding SRV with prod-d.governor.oncue.com

[SRVL:5] T0x00000000cecc5930 1449709057.211 +doSrvLookup(_https._tcp.prod-d.governor.oncue.com)

[URLI:5] T0x00000000cecc5930 1449709057.484  URL validated: 'https://improd-staging.governor.oncue.com:9444/' (from 'https://improd-staging.governor.oncue.com:9444')

[MSUC:5] T0x00000000cecc5930 1449709057.485  MaestroDispatcher initialized: url=https://improd-staging.governor.oncue.com:9444/; regToken=<redacted>

[SRVL:5] T0x00000000cecc5930 1449709057.485 -doSrvLookup(_https._tcp.prod-d.governor.oncue.com)

[CURL:5] T0x00000000cecc5930 1449709057.488 curl "https://improd-staging.governor.oncue.com:9444/v1/metadata/globalSettings" --cacert /data/user/0/com.verizonmedia.go90.enterprise/files/CACert/dev_ca_cert_bundle.pem --compressed -H 'Content-Type: application/json; charset=utf-8' -H 'User-Agent: go90/1.2.3.release_test by Verizon Media LLC; VS986; Android 6.0; Mozilla/5.0 (Linux; Android 6.0; VS986 Build/MRA58K; wv) AppleWebKit/537.36 (KHTML, like Gecko) Version/4.0 Chrome/45.0.2454.95 Mobile Safari/537.36' -H '<redacted>'

[FNTG:3] T0x00000000d57c0930 1449709057.915 Font::Font - font "Fonts/Effra/Effra_Std_Bd.ttf" with pixel size 144 could not fit in a 2048 square bitmap.
[FONT:3] T0x00000000d57c0930 1449709057.915 Failed to load font: 'Fonts/Effra/Effra_Std_Bd.ttf' size 36

[CURL:5] T0x00000000cecc5930 1449709058.133 curl_easy_perform() result = 0 (No error); response code = 200

[SWTB:5] T0x00000000cecc5930 1449709058.133 response: {
  "v1EnableNFLRegistration":true,
  "EmailBtnURL":{
    "":"http://liveimages-edgecast.cdn.oncue.com/bootup/images/btn_email.png",
    "2x":"http://liveimages-edgecast.cdn.oncue.com/bootup/images/btn_email%402x.png",
    "3x":"http://liveimages-edgecast.cdn.oncue.com/bootup/images/btn_email%403x.png"
  },
  "CheckPlayGrants":true,
  "MobileEnableDAI":true,
  "ShowLTEBadge":true,
  "MaxBitrate":1,
  "ShareAddress":"https://prod.oncue.com/m",
  "ShowFpsCounter":false,
  "EnableShareSheet":true,
  "EnableExternalScreens":false,
  "FeedbackUrl":"https://support.go90.com/feedback",
  "BlockContentIfJailBroken":false,
  "MaxClockOffsetSeconds":60,
  "PrivacyUrl":"http://www.verizon.com/about/privacy/go90/",
  "EnableClipEditing":true,
  "FixedKeyChannels":["46371a70b2cf3953b12b3e0bf8a83ea2","54893d4f86983518bf36cf89c3ff8403","aece7427523c36e8a53cb483337b21bf","373175b11bd630a9930ac190c6bf478c"],
  "GenderItems":[{
    "Label":"Female",
    "Id":"female"
  },{
    "Label":"Male",
    "Id":"male"
  },{
    "Label":"I'd rather not say",
    "Id":"unspecified"
  },{
    "Label":"Enter Custom",
    "Id":"custom"
  }],
  "inUSCheck":"http://wac.a1d4.edgecastcdn.net/00A1D4/geo_check/geo.txt",
  "MaxBitrateGlobalSettings":{
    "phone":{
      "wifi":{
        "displayName":"Wi-Fi",
        "default":"phone-wifi-0",
        "bitrates":[{
          "id":"phone-wifi-0",
          "Label":"Default",
          "Mbps":1
        }]
      },
      "cellular":{
        "displayName":"Cellular",
        "default":"phone-cellular-3",
        "bitrates":[{
          "id":"phone-cellular-3",
          "Label":"Default",
          "Mbps":1
        }]
      }
    },
    "tablet":{
      "wifi":{
        "displayName":"Wi-Fi",
        "default":"tablet-wifi-0",
        "bitrates":[{
          "id":"tablet-wifi-0",
          "Label":"Default",
          "Mbps":1
        }]
      },
      "cellular":{
        "displayName":"Cellular",
        "default":"tablet-cellular-3",
        "bitrates":[{
          "id":"tablet-cellular-3",
          "Label":"Default",
          "Mbps":1
        }]
      }
    }
  },
  "UplynkUserId":"98ac1613c7624a8387596b5d5e441064",
  "checkLiveChannels":["8c1b2ce11e0144ae80207516415c83bc","09ec427beee843cab12f0214442e8618","09ec427beee843cab12f0214442e8618"],
  "StartupFlowAssetsUrl":"http://71.96.94.102/sanjay/prod/",
  "DisableAutoStandby":false,
  "StartupFlowAssetsUrlCDN":"${CDN_Image}/db_photos/firstRun/",
  "BlockContentIfRooted":false,
  "FirstUseBkURL":{
    "":"http://liveimages-edgecast.cdn.oncue.com/bootup/images/BG_FirstUse_NoLogo.png",
    "2x":"http://liveimages-edgecast.cdn.oncue.com/bootup/images/BG_FirstUse_NoLogo%402x.png",
    "3x":"http://liveimages-edgecast.cdn.oncue.com/bootup/images/BG_FirstUse_NoLogo%403x.png"
  },
  "DataPromotionHelpUrl":"https://support.go90.com/?la=yes&q=data%20promo#!article/go90-Data-Promotion-FAQ",
  "ShowLogin":false,
  "v1MaxBitrateGlobalSettings":{
    "phone":{
      "wifi":{
        "displayName":"Wi-Fi",
        "default":"phone-wifi-0",
        "bitrates":[{
          "id":"phone-wifi-0",
          "Label":"Best Quality (up to 1½ GB/Hr)",
          "Mbps":3.3
        },{
          "id":"phone-wifi-1",
          "Label":"Excellent (up to 1 GB/Hr)",
          "Mbps":2.0
        },{
          "id":"phone-wifi-2",
          "Label":"Data Saver (up to ½ GB/Hr)",
          "Mbps":1.1
        }]
      },
      "cellular":{
        "displayName":"Cellular",
        "default":"phone-cellular-3",
        "bitrates":[{
          "id":"phone-cellular-1",
          "Label":"Best Quality (up to 1½ GB/Hr)",
          "Mbps":3.3
        },{
          "id":"phone-cellular-2",
          "Label":"Good (up to ⅔ GB/Hr)",
          "Mbps":1.5
        },{
          "id":"phone-cellular-3",
          "Label":"Data Saver (up to ⅓ GB/Hr)",
          "Mbps":0.75
        }]
      }
    },
    "tablet":{
      "wifi":{
        "displayName":"Wi-Fi",
        "default":"tablet-wifi-0",
        "bitrates":[{
          "id":"tablet-wifi-0",
          "Label":"Best Quality (up to 1½ GB/Hr)",
          "Mbps":3.3
        },{
          "id":"tablet-wifi-1",
          "Label":"Excellent (up to 1 GB/Hr)",
          "Mbps":2.0
        },{
          "id":"tablet-wifi-2",
          "Label":"Data Saver (up to ½ GB/Hr)",
          "Mbps":1.1
        }]
      },
      "cellular":{
        "displayName":"Cellular",
        "default":"tablet-cellular-3",
        "bitrates":[{
          "id":"tablet-cellular-1",
          "Label":"Best Quality (up to 1½ GB/Hr)",
          "Mbps":3.3
        },{
          "id":"phone-cellular-2",
          "Label":"Good (up to ⅔ GB/Hr)",
          "Mbps":1.5
        },{
          "id":"phone-cellular-3",
          "Label":"Data Saver (up to ⅓ GB/Hr)",
          "Mbps":0.75
        }]
      }
    }
  },
  "TosEulaUrl":"https://www.go90.com/about/custagreement",
  "NFLLocationServicesVideoId":"va_astid:76cab31d670048458d9e025ce88f8794,tid:747dd0d50a1f477492d67dc9840cb9f2,vid:76cab31d670048458d9e025ce88f8794",
  "HelpUrl":"https://support.go90.com/?app=true",
  "nflChannels":["cfab6009a3834d8db7f38424a34b8b73","c5b5c100629d46fc8bb968ab383a4496","9715ccaef2a44e309c5ea7b9f051082f","ea3e6b715135428ebc8b5ed161ee0407","b1c7a91cb96f41b49669d1e24eb6c89c","3a006c3ed6e0451c83c0350ef2de6feb","1af2be32ed874d45b920f664961d82d7","5db91f39cb6c4427835267989a0adb7a","e7b8834bdb954f83948023bf93b93257","5883a823b687449b9ba138c2b8273281","d1cd5e342dbc47d4a0a6e7cec81cff28","93884029c8f9406d8c193db4e9a06f56","e1834e15a3f446bc8927239e5d8183a0","f0b19e687fb544d9898259de616fe985","03b13ba84e864187a5de4396b10b11c7","7fb2f7184e1c4bef9ef747727267695b","688338f1413a4e1293a65ebf796e16bd","03ea3af923fc4b19a858ba5b39c33cb1"],
  "appRemoteUX":"http://s3.amazonaws.com/improd-image-pipeline/remoteUX/json/go90RemoteUX_v1.0.json"
}

[CURL:5] T0x00000000cecc5930 1449709058.138 curl "http://wac.a1d4.edgecastcdn.net/00A1D4/geo_check/geo.txt" --cacert /data/user/0/com.verizonmedia.go90.enterprise/files/CACert/dev_ca_cert_bundle.pem --compressed -H 'User-Agent: go90/1.2.3.release_test by Verizon Media LLC; VS986; Android 6.0; Mozilla/5.0 (Linux; Android 6.0; VS986 Build/MRA58K; wv) AppleWebKit/537.36 (KHTML, like Gecko) Version/4.0 Chrome/45.0.2454.95 Mobile Safari/537.36'
[CURL:5] T0x00000000cecc5930 1449709058.151 curl_easy_perform() result = 0 (No error); response code = 200

[NCTL:5] T0x00000000d87ff930 1449709058.178 NavigationController::navigate(/FirstUse)

[APPL:5] T0x00000000d87ff930 1449709058.178 +App::validateFile(Pages/FirstUse.json)
[APPL:5] T0x00000000d87ff930 1449709058.179 -App::validateFile(Pages/FirstUse.json)

[RSCI:3] T0x00000000d567f930 1449709058.184 Missing retina resource WhiteDot@4x.png
[RSCI:3] T0x00000000d58bf930 1449709058.188 Missing retina resource ClearButton@4x.png
[RSCI:3] T0x00000000d567f930 1449709058.189 Missing retina resource btn_email@4x.png

[NTPI:5] T0x00000000f76f0b34 1449709058.309 timeOffsetMilliseconds: -365

[PRUP:5] T0x00000000d87ff930 1449709085.590 Archived path: /storage/emulated/0/Android/data/com.verizonmedia.go90.enterprise/files/oncue/archived/
[PRUP:5] T0x00000000d87ff930 1449709085.596 Filename: /storage/emulated/0/Android/data/com.verizonmedia.go90.enterprise/files/oncue/archived/com.verizonmedia.go90.enterprise.1.log Type: COM.VERIZONMEDIA.GO90.ENTERPRISE

[CRLW:5] T0x00000000d3fbc930 1449709085.600 Invalid version found in crash log service, putting in retry queue a9cd1532d05d

[SWTB:5] T0x00000000d41ba930 1449709088.155 Switchboard::postBIEvents_buffer(oncue.ws.client.ui-UIEvent-0.0.4, 1)
[SWTB:5] T0x00000000d41ba930 1449709640.183 Switchboard::postBIEvents_buffer(oncue.ws.client.clientaudit-ClientAuditEvent-0.0.3, 1)
[SWTB:5] T0x00000000f76f0b34 1449712421.297 Switchboard::postBIEvents_buffer(oncue.ws.client.devicestatus-DeviceStatusEvent-0.0.6, 1)

[APPL:5] T0x00000000f76f0b34 1449712421.301 App::enterBackground()
[APPL:3] T0x00000000f76f0b34 1449712421.321 Received low memory warning
[APPL:5] T0x00000000f76f0b34 1449712421.327 App::enterBackground()
[APPL:5] T0x00000000f76f0b34 1449712421.327 +oncue::App::~App()
[APPL:5] T0x00000000f76f0b34 1449712421.347  destroying master controller
[APPL:5] T0x00000000f76f0b34 1449712421.358  destroying navigation controller
[APPL:5] T0x00000000f76f0b34 1449712421.364  destroying background gradient
[APPL:5] T0x00000000f76f0b34 1449712421.364  disposing UserNotificationManager
[APPL:5] T0x00000000f76f0b34 1449712421.364  destroying resume point system
[APPL:5] T0x00000000f76f0b34 1449712421.366  destroying video
[APPL:5] T0x00000000f76f0b34 1449712421.369  destroying http

[HTTP:5] T0x00000000cecc5930 1449712421.417  Aborting request (https://improd-staging.governor.oncue.com:9444/v1/reporting/regTokenAvro) at 0/0, 0/0

[CURL:3] T0x00000000cecc5930 1449712421.418  curl "https://improd-staging.governor.oncue.com:9444/v1/reporting/regTokenAvro" --cacert /data/user/0/com.verizonmedia.go90.enterprise/files/CACert/dev_ca_cert_bundle.pem --compressed --request POST -F oncue.ws.client.devicestatus-DeviceStatusEvent-0.0.6=[[BEGIN HEX DATA >>c2a6c099b1540024762d62343961393965373938653637653833042d3108616e6f6e3a762d623439613939653739386536376538332d3134343937303930353802120661707030312e322e332e72656c656173655f746573742e3934353232000e736572766963653270726f642d642e676f7665726e6f722e6f6e6375652e636f6d00086d616b65064c474500044f530e416e64726f696400124f5356657273696f6e06362e30000a6d6f64656c0a5653393836000e73746f726167651232322e373332383330000e636172726965720000106c6f636174696f6e1a33372e33392c2d3132312e393300000c4d4f42494c450026416d65726963612f4c6f735f416e67656c657300187374616e646279537461727402145573657220496e7075740000<< END DATA]];filename=file;type=application/octet-stream  -H 'EventCount: 1' -H 'BuildNum: 1.2.3.release_test.94522' -H 'SchemaID: oncue.ws.client.devicestatus-DeviceStatusEvent-0.0.6' -H 'Content-Type: multipart/form-data' -H 'AuditID: 1' -H 'User-Agent: go90/1.2.3.release_test by Verizon Media LLC; VS986; Android 6.0; Mozilla/5.0 (Linux; Android 6.0; VS986 Build/MRA58K; wv) AppleWebKit/537.36 (KHTML, like Gecko) Version/4.0 Chrome/45.0.2454.95 Mobile Safari/537.36' -H '<redacted>'
[CURL:3] T0x00000000cecc5930 1449712421.418  curl_easy_perform() result = 42 (Operation was aborted by an application callback); response code = 0

[APPL:5] T0x00000000f76f0b34 1449712421.419  destroying images
[APPL:5] T0x00000000f76f0b34 1449712421.419  destroying fonts
[APPL:5] T0x00000000f76f0b34 1449712421.422  destroying metadata manager
[APPL:5] T0x00000000f76f0b34 1449712421.422  destroying storage

[DEVT:5] T0x00000000d4fbf930 1449712421.475  [lws] libwebsocket_context_destroy

[DEVT:5] T0x00000000d4fbf930 1449712421.477  DevToolService is stopping; response = 0

[APPL:5] T0x00000000f76f0b34 1449712421.478 -oncue::App::~App()

[IMUP:3] T0x00000000f76f0b34 1449712421.478 Aborting 0 asyncs
